C:\USERS\CHAN\DOCUMENTS\VISUAL STUDIO 2012\PROJECTS\CURVES\CURVES\DEBUG\MAIN.OBJ
C:\USERS\CHAN\DOCUMENTS\VISUAL STUDIO 2012\PROJECTS\CURVES\CURVES\DEBUG\VC110.PDB
C:\USERS\CHAN\DOCUMENTS\VISUAL STUDIO 2012\PROJECTS\CURVES\DEBUG\CURVES.ILK
C:\USERS\CHAN\DOCUMENTS\VISUAL STUDIO 2012\PROJECTS\CURVES\DEBUG\CURVES.EXE
C:\USERS\CHAN\DOCUMENTS\VISUAL STUDIO 2012\PROJECTS\CURVES\DEBUG\CURVES.PDB
c:\Users\chan\documents\visual studio 2012\Projects\Curves\Curves\Debug\main.obj
c:\Users\chan\documents\visual studio 2012\Projects\Curves\Curves\Debug\cl.command.1.tlog
c:\Users\chan\documents\visual studio 2012\Projects\Curves\Curves\Debug\CL.read.1.tlog
c:\Users\chan\documents\visual studio 2012\Projects\Curves\Curves\Debug\CL.write.1.tlog
c:\Users\chan\documents\visual studio 2012\Projects\Curves\Curves\Debug\link-cvtres.read.1.tlog
c:\Users\chan\documents\visual studio 2012\Projects\Curves\Curves\Debug\link-cvtres.write.1.tlog
c:\Users\chan\documents\visual studio 2012\Projects\Curves\Curves\Debug\link-rc.read.1.tlog
c:\Users\chan\documents\visual studio 2012\Projects\Curves\Curves\Debug\link-rc.write.1.tlog
c:\Users\chan\documents\visual studio 2012\Projects\Curves\Curves\Debug\link.command.1.tlog
c:\Users\chan\documents\visual studio 2012\Projects\Curves\Curves\Debug\link.read.1.tlog
c:\Users\chan\documents\visual studio 2012\Projects\Curves\Curves\Debug\link.write.1.tlog
c:\Users\chan\documents\visual studio 2012\Projects\Curves\Curves\Debug\vc110.idb
c:\Users\chan\documents\visual studio 2012\Projects\Curves\Curves\Debug\vc110.pdb
c:\users\chan\documents\visual studio 2012\Projects\Curves\Debug\Curves.pdb
c:\users\chan\documents\visual studio 2012\Projects\Curves\Debug\Curves.exe
c:\users\chan\documents\visual studio 2012\Projects\Curves\Debug\Curves.ilk
